C:\USERS\RISE.RISE-PC\DOCUMENTS\PROJECTRISE\URG_LIBRARY-1.1.2\URG_LIBRARY-1.1.2\VS2010\CPP\DEBUG\GET_DISTANCE.EXE
C:\USERS\RISE.RISE-PC\DOCUMENTS\PROJECTRISE\URG_LIBRARY-1.1.2\URG_LIBRARY-1.1.2\VS2010\CPP\DEBUG\GET_DISTANCE.ILK
C:\USERS\RISE.RISE-PC\DOCUMENTS\PROJECTRISE\URG_LIBRARY-1.1.2\URG_LIBRARY-1.1.2\VS2010\CPP\DEBUG\GET_DISTANCE.PDB
C:\Users\RISE.RISE-PC\Documents\ProjectRise\urg_library-1.1.2\urg_library-1.1.2\vs2010\cpp\get_distance\Debug\cl.command.1.tlog
C:\Users\RISE.RISE-PC\Documents\ProjectRise\urg_library-1.1.2\urg_library-1.1.2\vs2010\cpp\get_distance\Debug\CL.read.1.tlog
C:\Users\RISE.RISE-PC\Documents\ProjectRise\urg_library-1.1.2\urg_library-1.1.2\vs2010\cpp\get_distance\Debug\CL.write.1.tlog
C:\USERS\RISE.RISE-PC\DOCUMENTS\PROJECTRISE\URG_LIBRARY-1.1.2\URG_LIBRARY-1.1.2\VS2010\CPP\GET_DISTANCE\DEBUG\CONNECTION_INFORMATION.OBJ
C:\USERS\RISE.RISE-PC\DOCUMENTS\PROJECTRISE\URG_LIBRARY-1.1.2\URG_LIBRARY-1.1.2\VS2010\CPP\GET_DISTANCE\DEBUG\GET_DISTANCE.EXE.EMBED.MANIFEST
C:\USERS\RISE.RISE-PC\DOCUMENTS\PROJECTRISE\URG_LIBRARY-1.1.2\URG_LIBRARY-1.1.2\VS2010\CPP\GET_DISTANCE\DEBUG\GET_DISTANCE.EXE.EMBED.MANIFEST.RES
C:\USERS\RISE.RISE-PC\DOCUMENTS\PROJECTRISE\URG_LIBRARY-1.1.2\URG_LIBRARY-1.1.2\VS2010\CPP\GET_DISTANCE\DEBUG\GET_DISTANCE.EXE.INTERMEDIATE.MANIFEST
C:\USERS\RISE.RISE-PC\DOCUMENTS\PROJECTRISE\URG_LIBRARY-1.1.2\URG_LIBRARY-1.1.2\VS2010\CPP\GET_DISTANCE\DEBUG\GET_DISTANCE.OBJ
C:\Users\RISE.RISE-PC\Documents\ProjectRise\urg_library-1.1.2\urg_library-1.1.2\vs2010\cpp\get_distance\Debug\get_distance_manifest.rc
C:\Users\RISE.RISE-PC\Documents\ProjectRise\urg_library-1.1.2\urg_library-1.1.2\vs2010\cpp\get_distance\Debug\link.3552.read.1.tlog
C:\Users\RISE.RISE-PC\Documents\ProjectRise\urg_library-1.1.2\urg_library-1.1.2\vs2010\cpp\get_distance\Debug\link.3552.write.1.tlog
C:\Users\RISE.RISE-PC\Documents\ProjectRise\urg_library-1.1.2\urg_library-1.1.2\vs2010\cpp\get_distance\Debug\link.3552-cvtres.read.1.tlog
C:\Users\RISE.RISE-PC\Documents\ProjectRise\urg_library-1.1.2\urg_library-1.1.2\vs2010\cpp\get_distance\Debug\link.3552-cvtres.write.1.tlog
C:\Users\RISE.RISE-PC\Documents\ProjectRise\urg_library-1.1.2\urg_library-1.1.2\vs2010\cpp\get_distance\Debug\link.command.1.tlog
C:\Users\RISE.RISE-PC\Documents\ProjectRise\urg_library-1.1.2\urg_library-1.1.2\vs2010\cpp\get_distance\Debug\link.read.1.tlog
C:\Users\RISE.RISE-PC\Documents\ProjectRise\urg_library-1.1.2\urg_library-1.1.2\vs2010\cpp\get_distance\Debug\link.write.1.tlog
C:\Users\RISE.RISE-PC\Documents\ProjectRise\urg_library-1.1.2\urg_library-1.1.2\vs2010\cpp\get_distance\Debug\link-cvtres.read.1.tlog
C:\Users\RISE.RISE-PC\Documents\ProjectRise\urg_library-1.1.2\urg_library-1.1.2\vs2010\cpp\get_distance\Debug\link-cvtres.write.1.tlog
C:\Users\RISE.RISE-PC\Documents\ProjectRise\urg_library-1.1.2\urg_library-1.1.2\vs2010\cpp\get_distance\Debug\mt.command.1.tlog
C:\Users\RISE.RISE-PC\Documents\ProjectRise\urg_library-1.1.2\urg_library-1.1.2\vs2010\cpp\get_distance\Debug\mt.read.1.tlog
C:\Users\RISE.RISE-PC\Documents\ProjectRise\urg_library-1.1.2\urg_library-1.1.2\vs2010\cpp\get_distance\Debug\mt.write.1.tlog
C:\Users\RISE.RISE-PC\Documents\ProjectRise\urg_library-1.1.2\urg_library-1.1.2\vs2010\cpp\get_distance\Debug\rc.command.1.tlog
C:\Users\RISE.RISE-PC\Documents\ProjectRise\urg_library-1.1.2\urg_library-1.1.2\vs2010\cpp\get_distance\Debug\rc.read.1.tlog
C:\Users\RISE.RISE-PC\Documents\ProjectRise\urg_library-1.1.2\urg_library-1.1.2\vs2010\cpp\get_distance\Debug\rc.write.1.tlog
C:\Users\RISE.RISE-PC\Documents\ProjectRise\urg_library-1.1.2\urg_library-1.1.2\vs2010\cpp\get_distance\Debug\vc100.idb
C:\USERS\RISE.RISE-PC\DOCUMENTS\PROJECTRISE\URG_LIBRARY-1.1.2\URG_LIBRARY-1.1.2\VS2010\CPP\GET_DISTANCE\DEBUG\VC100.PDB
