C:\USERS\RISE.RISE-PC\DOCUMENTS\PROJECTRISE\URG_LIBRARY-1.1.2\URG_LIBRARY-1.1.2\VS2010\CPP\GET_MULTIECHO\RELEASE\CONNECTION_INFORMATION.OBJ
C:\USERS\RISE.RISE-PC\DOCUMENTS\PROJECTRISE\URG_LIBRARY-1.1.2\URG_LIBRARY-1.1.2\VS2010\CPP\GET_MULTIECHO\RELEASE\GET_MULTIECHO.EXE.INTERMEDIATE.MANIFEST
C:\USERS\RISE.RISE-PC\DOCUMENTS\PROJECTRISE\URG_LIBRARY-1.1.2\URG_LIBRARY-1.1.2\VS2010\CPP\GET_MULTIECHO\RELEASE\GET_MULTIECHO.OBJ
C:\USERS\RISE.RISE-PC\DOCUMENTS\PROJECTRISE\URG_LIBRARY-1.1.2\URG_LIBRARY-1.1.2\VS2010\CPP\GET_MULTIECHO\RELEASE\VC100.PDB
C:\USERS\RISE.RISE-PC\DOCUMENTS\PROJECTRISE\URG_LIBRARY-1.1.2\URG_LIBRARY-1.1.2\VS2010\CPP\RELEASE\GET_MULTIECHO.EXE
C:\USERS\RISE.RISE-PC\DOCUMENTS\PROJECTRISE\URG_LIBRARY-1.1.2\URG_LIBRARY-1.1.2\VS2010\CPP\RELEASE\GET_MULTIECHO.PDB
C:\Users\RISE.RISE-PC\Documents\Visual Studio 2010\Projects\Urg_Helper\urg_library-1.1.2\vs2010\cpp\get_multiecho\Release\cl.command.1.tlog
C:\Users\RISE.RISE-PC\Documents\Visual Studio 2010\Projects\Urg_Helper\urg_library-1.1.2\vs2010\cpp\get_multiecho\Release\CL.read.1.tlog
C:\Users\RISE.RISE-PC\Documents\Visual Studio 2010\Projects\Urg_Helper\urg_library-1.1.2\vs2010\cpp\get_multiecho\Release\CL.write.1.tlog
C:\Users\RISE.RISE-PC\Documents\Visual Studio 2010\Projects\Urg_Helper\urg_library-1.1.2\vs2010\cpp\get_multiecho\Release\Connection_information.obj
C:\Users\RISE.RISE-PC\Documents\Visual Studio 2010\Projects\Urg_Helper\urg_library-1.1.2\vs2010\cpp\get_multiecho\Release\get_multiecho.exe.intermediate.manifest
C:\Users\RISE.RISE-PC\Documents\Visual Studio 2010\Projects\Urg_Helper\urg_library-1.1.2\vs2010\cpp\get_multiecho\Release\get_multiecho.obj
C:\Users\RISE.RISE-PC\Documents\Visual Studio 2010\Projects\Urg_Helper\urg_library-1.1.2\vs2010\cpp\get_multiecho\Release\link.command.1.tlog
C:\Users\RISE.RISE-PC\Documents\Visual Studio 2010\Projects\Urg_Helper\urg_library-1.1.2\vs2010\cpp\get_multiecho\Release\link.read.1.tlog
C:\Users\RISE.RISE-PC\Documents\Visual Studio 2010\Projects\Urg_Helper\urg_library-1.1.2\vs2010\cpp\get_multiecho\Release\link.write.1.tlog
C:\Users\RISE.RISE-PC\Documents\Visual Studio 2010\Projects\Urg_Helper\urg_library-1.1.2\vs2010\cpp\get_multiecho\Release\mt.command.1.tlog
C:\Users\RISE.RISE-PC\Documents\Visual Studio 2010\Projects\Urg_Helper\urg_library-1.1.2\vs2010\cpp\get_multiecho\Release\mt.read.1.tlog
C:\Users\RISE.RISE-PC\Documents\Visual Studio 2010\Projects\Urg_Helper\urg_library-1.1.2\vs2010\cpp\get_multiecho\Release\mt.write.1.tlog
C:\Users\RISE.RISE-PC\Documents\Visual Studio 2010\Projects\Urg_Helper\urg_library-1.1.2\vs2010\cpp\get_multiecho\Release\vc100.pdb
C:\Users\RISE.RISE-PC\Documents\Visual Studio 2010\Projects\Urg_Helper\urg_library-1.1.2\vs2010\cpp\Release\get_multiecho.exe
C:\Users\RISE.RISE-PC\Documents\Visual Studio 2010\Projects\Urg_Helper\urg_library-1.1.2\vs2010\cpp\Release\get_multiecho.pdb
