C:\USERS\RISE.RISE-PC\DOCUMENTS\PROJECTRISE\URG_LIBRARY-1.1.2\URG_LIBRARY-1.1.2\VS2010\CPP\DEBUG\SYNC_TIME_STAMP.EXE
C:\USERS\RISE.RISE-PC\DOCUMENTS\PROJECTRISE\URG_LIBRARY-1.1.2\URG_LIBRARY-1.1.2\VS2010\CPP\DEBUG\SYNC_TIME_STAMP.ILK
C:\USERS\RISE.RISE-PC\DOCUMENTS\PROJECTRISE\URG_LIBRARY-1.1.2\URG_LIBRARY-1.1.2\VS2010\CPP\DEBUG\SYNC_TIME_STAMP.PDB
C:\Users\RISE.RISE-PC\Documents\ProjectRise\urg_library-1.1.2\urg_library-1.1.2\vs2010\cpp\sync_time_stamp\Debug\cl.command.1.tlog
C:\Users\RISE.RISE-PC\Documents\ProjectRise\urg_library-1.1.2\urg_library-1.1.2\vs2010\cpp\sync_time_stamp\Debug\CL.read.1.tlog
C:\Users\RISE.RISE-PC\Documents\ProjectRise\urg_library-1.1.2\urg_library-1.1.2\vs2010\cpp\sync_time_stamp\Debug\CL.write.1.tlog
C:\USERS\RISE.RISE-PC\DOCUMENTS\PROJECTRISE\URG_LIBRARY-1.1.2\URG_LIBRARY-1.1.2\VS2010\CPP\SYNC_TIME_STAMP\DEBUG\CONNECTION_INFORMATION.OBJ
C:\Users\RISE.RISE-PC\Documents\ProjectRise\urg_library-1.1.2\urg_library-1.1.2\vs2010\cpp\sync_time_stamp\Debug\link.3688.read.1.tlog
C:\Users\RISE.RISE-PC\Documents\ProjectRise\urg_library-1.1.2\urg_library-1.1.2\vs2010\cpp\sync_time_stamp\Debug\link.3688.write.1.tlog
C:\Users\RISE.RISE-PC\Documents\ProjectRise\urg_library-1.1.2\urg_library-1.1.2\vs2010\cpp\sync_time_stamp\Debug\link.3688-cvtres.read.1.tlog
C:\Users\RISE.RISE-PC\Documents\ProjectRise\urg_library-1.1.2\urg_library-1.1.2\vs2010\cpp\sync_time_stamp\Debug\link.3688-cvtres.write.1.tlog
C:\Users\RISE.RISE-PC\Documents\ProjectRise\urg_library-1.1.2\urg_library-1.1.2\vs2010\cpp\sync_time_stamp\Debug\link.command.1.tlog
C:\Users\RISE.RISE-PC\Documents\ProjectRise\urg_library-1.1.2\urg_library-1.1.2\vs2010\cpp\sync_time_stamp\Debug\link.read.1.tlog
C:\Users\RISE.RISE-PC\Documents\ProjectRise\urg_library-1.1.2\urg_library-1.1.2\vs2010\cpp\sync_time_stamp\Debug\link.write.1.tlog
C:\Users\RISE.RISE-PC\Documents\ProjectRise\urg_library-1.1.2\urg_library-1.1.2\vs2010\cpp\sync_time_stamp\Debug\link-cvtres.read.1.tlog
C:\Users\RISE.RISE-PC\Documents\ProjectRise\urg_library-1.1.2\urg_library-1.1.2\vs2010\cpp\sync_time_stamp\Debug\link-cvtres.write.1.tlog
C:\Users\RISE.RISE-PC\Documents\ProjectRise\urg_library-1.1.2\urg_library-1.1.2\vs2010\cpp\sync_time_stamp\Debug\mt.command.1.tlog
C:\Users\RISE.RISE-PC\Documents\ProjectRise\urg_library-1.1.2\urg_library-1.1.2\vs2010\cpp\sync_time_stamp\Debug\mt.read.1.tlog
C:\Users\RISE.RISE-PC\Documents\ProjectRise\urg_library-1.1.2\urg_library-1.1.2\vs2010\cpp\sync_time_stamp\Debug\mt.write.1.tlog
C:\Users\RISE.RISE-PC\Documents\ProjectRise\urg_library-1.1.2\urg_library-1.1.2\vs2010\cpp\sync_time_stamp\Debug\rc.command.1.tlog
C:\Users\RISE.RISE-PC\Documents\ProjectRise\urg_library-1.1.2\urg_library-1.1.2\vs2010\cpp\sync_time_stamp\Debug\rc.read.1.tlog
C:\Users\RISE.RISE-PC\Documents\ProjectRise\urg_library-1.1.2\urg_library-1.1.2\vs2010\cpp\sync_time_stamp\Debug\rc.write.1.tlog
C:\USERS\RISE.RISE-PC\DOCUMENTS\PROJECTRISE\URG_LIBRARY-1.1.2\URG_LIBRARY-1.1.2\VS2010\CPP\SYNC_TIME_STAMP\DEBUG\SYNC_TIME_STAMP.EXE.EMBED.MANIFEST
C:\USERS\RISE.RISE-PC\DOCUMENTS\PROJECTRISE\URG_LIBRARY-1.1.2\URG_LIBRARY-1.1.2\VS2010\CPP\SYNC_TIME_STAMP\DEBUG\SYNC_TIME_STAMP.EXE.EMBED.MANIFEST.RES
C:\USERS\RISE.RISE-PC\DOCUMENTS\PROJECTRISE\URG_LIBRARY-1.1.2\URG_LIBRARY-1.1.2\VS2010\CPP\SYNC_TIME_STAMP\DEBUG\SYNC_TIME_STAMP.EXE.INTERMEDIATE.MANIFEST
C:\USERS\RISE.RISE-PC\DOCUMENTS\PROJECTRISE\URG_LIBRARY-1.1.2\URG_LIBRARY-1.1.2\VS2010\CPP\SYNC_TIME_STAMP\DEBUG\SYNC_TIME_STAMP.OBJ
C:\Users\RISE.RISE-PC\Documents\ProjectRise\urg_library-1.1.2\urg_library-1.1.2\vs2010\cpp\sync_time_stamp\Debug\sync_time_stamp_manifest.rc
C:\Users\RISE.RISE-PC\Documents\ProjectRise\urg_library-1.1.2\urg_library-1.1.2\vs2010\cpp\sync_time_stamp\Debug\vc100.idb
C:\USERS\RISE.RISE-PC\DOCUMENTS\PROJECTRISE\URG_LIBRARY-1.1.2\URG_LIBRARY-1.1.2\VS2010\CPP\SYNC_TIME_STAMP\DEBUG\VC100.PDB
