Build started 12/17/2013 4:51:30 PM.
     1>Project "C:\Users\RISE.RISE-PC\Documents\ProjectRise\urg_library-1.1.2\urg_library-1.1.2\vs2010\c\urg\urg.vcxproj" on node 2 (rebuild target(s)).
     1>InitializeBuildStatus:
         Creating "Debug\urg.unsuccessfulbuild" because "AlwaysCreate" was specified.
       ClCompile:
         c:\Program Files (x86)\Microsoft Visual Studio 10.0\VC\bin\CL.exe /c /I..\..\..\include\c /ZI /nologo /W3 /WX- /Od /Oy- /D WIN32 /D _DEBUG /D _CONSOLE /D _UNICODE /D UNICODE /Gm /EHsc /RTC1 /MDd /GS /fp:precise /Zc:wchar_t /Zc:forScope /Fo"Debug\\" /Fd"Debug\vc100.pdb" /Gd /TC /analyze- /errorReport:prompt ..\..\..\src\urg_connection.c ..\..\..\src\urg_debug.c ..\..\..\src\urg_ring_buffer.c ..\..\..\src\urg_sensor.c ..\..\..\src\urg_serial.c ..\..\..\src\urg_serial_utils.c ..\..\..\src\urg_tcpclient.c ..\..\..\src\urg_utils.c /wd4996 
         urg_utils.c
         urg_tcpclient.c
         urg_serial_utils.c
         urg_serial.c
         urg_sensor.c
         urg_ring_buffer.c
         urg_debug.c
         urg_connection.c
         Generating Code...
       Lib:
         c:\Program Files (x86)\Microsoft Visual Studio 10.0\VC\bin\Lib.exe /OUT:"C:\Users\RISE.RISE-PC\Documents\ProjectRise\urg_library-1.1.2\urg_library-1.1.2\vs2010\cpp\Debug\urg.lib" /NOLOGO Debug\urg_connection.obj
         Debug\urg_debug.obj
         Debug\urg_ring_buffer.obj
         Debug\urg_sensor.obj
         Debug\urg_serial.obj
         Debug\urg_serial_utils.obj
         Debug\urg_tcpclient.obj
         Debug\urg_utils.obj
         urg.vcxproj -> C:\Users\RISE.RISE-PC\Documents\ProjectRise\urg_library-1.1.2\urg_library-1.1.2\vs2010\cpp\Debug\urg.lib
       FinalizeBuildStatus:
         Deleting file "Debug\urg.unsuccessfulbuild".
         Touching "Debug\urg.lastbuildstate".
     1>Done Building Project "C:\Users\RISE.RISE-PC\Documents\ProjectRise\urg_library-1.1.2\urg_library-1.1.2\vs2010\c\urg\urg.vcxproj" (rebuild target(s)).

Build succeeded.

Time Elapsed 00:00:07.94
