Build started 1/3/2014 1:54:33 PM.
     1>Project "C:\Users\RISE.RISE-PC\Documents\Visual Studio 2010\Projects\Urg_Helper\urg_library-1.1.2\vs2010\cpp\get_distance\get_distance.vcxproj" on node 2 (rebuild target(s)).
     1>_PrepareForClean:
         Deleting file "Release\get_distance.lastbuildstate".
       InitializeBuildStatus:
         Creating "Release\get_distance.unsuccessfulbuild" because "AlwaysCreate" was specified.
       ClCompile:
         C:\Program Files (x86)\Microsoft Visual Studio 10.0\VC\bin\CL.exe /c /I..\..\..\include\cpp /Zi /nologo /W3 /WX- /O2 /Oi /Oy- /GL /D WIN32 /D NDEBUG /D _CONSOLE /D _UNICODE /D UNICODE /Gm- /EHsc /MD /GS /Gy /fp:precise /Zc:wchar_t /Zc:forScope /Fo"Release\\" /Fd"Release\vc100.pdb" /Gd /TP /analyze- /errorReport:prompt ..\..\..\samples\cpp\Connection_information.cpp ..\..\..\samples\cpp\get_distance.cpp
         Connection_information.cpp
         get_distance.cpp
     1>..\..\..\samples\cpp\get_distance.cpp(34): warning C4244: '=' : conversion from 'double' to 'float', possible loss of data
     1>..\..\..\samples\cpp\get_distance.cpp(35): warning C4244: '=' : conversion from 'double' to 'float', possible loss of data
     1>..\..\..\samples\cpp\get_distance.cpp(46): warning C4018: '<' : signed/unsigned mismatch
       Link:
         C:\Program Files (x86)\Microsoft Visual Studio 10.0\VC\bin\link.exe /ERRORREPORT:PROMPT /OUT:"C:\Users\RISE.RISE-PC\Documents\Visual Studio 2010\Projects\Urg_Helper\urg_library-1.1.2\vs2010\cpp\Release\get_distance.exe" /INCREMENTAL:NO /NOLOGO /LIBPATH:../Release urg_cpp.lib ws2_32.lib setupapi.lib kernel32.lib user32.lib gdi32.lib winspool.lib comdlg32.lib advapi32.lib shell32.lib ole32.lib oleaut32.lib uuid.lib odbc32.lib odbccp32.lib /MANIFEST /ManifestFile:"Release\get_distance.exe.intermediate.manifest" /MANIFESTUAC:"level='asInvoker' uiAccess='false'" /DEBUG /PDB:"C:\Users\RISE.RISE-PC\Documents\Visual Studio 2010\Projects\Urg_Helper\urg_library-1.1.2\vs2010\cpp\Release\get_distance.pdb" /SUBSYSTEM:CONSOLE /OPT:REF /OPT:ICF /LTCG /TLBID:1 /DYNAMICBASE /NXCOMPAT /IMPLIB:"C:\Users\RISE.RISE-PC\Documents\Visual Studio 2010\Projects\Urg_Helper\urg_library-1.1.2\vs2010\cpp\Release\get_distance.lib" /MACHINE:X86 Release\Connection_information.obj
         Release\get_distance.obj
         Generating code
         Finished generating code
         get_distance.vcxproj -> C:\Users\RISE.RISE-PC\Documents\Visual Studio 2010\Projects\Urg_Helper\urg_library-1.1.2\vs2010\cpp\Release\get_distance.exe
       Manifest:
         c:\Program Files (x86)\Microsoft SDKs\Windows\v7.0A\bin\mt.exe /nologo /verbose /outputresource:"C:\Users\RISE.RISE-PC\Documents\Visual Studio 2010\Projects\Urg_Helper\urg_library-1.1.2\vs2010\cpp\Release\get_distance.exe;#1" /manifest Release\get_distance.exe.intermediate.manifest
       FinalizeBuildStatus:
         Deleting file "Release\get_distance.unsuccessfulbuild".
         Touching "Release\get_distance.lastbuildstate".
     1>Done Building Project "C:\Users\RISE.RISE-PC\Documents\Visual Studio 2010\Projects\Urg_Helper\urg_library-1.1.2\vs2010\cpp\get_distance\get_distance.vcxproj" (rebuild target(s)).

Build succeeded.

Time Elapsed 00:00:09.74
