Build started 1/3/2014 1:54:21 PM.
     1>Project "C:\Users\RISE.RISE-PC\Documents\Visual Studio 2010\Projects\Urg_Helper\urg_library-1.1.2\vs2010\c\urg\urg.vcxproj" on node 2 (rebuild target(s)).
     1>_PrepareForClean:
         Deleting file "Release\urg.lastbuildstate".
       InitializeBuildStatus:
         Creating "Release\urg.unsuccessfulbuild" because "AlwaysCreate" was specified.
       ClCompile:
         C:\Program Files (x86)\Microsoft Visual Studio 10.0\VC\bin\CL.exe /c /I..\..\..\include\c /Zi /nologo /W3 /WX- /O2 /Oy- /GL /D WIN32 /D NDEBUG /D _CONSOLE /D _UNICODE /D UNICODE /Gm- /EHsc /MD /GS /fp:precise /Zc:wchar_t /Zc:forScope /Fo"Release\\" /Fd"Release\vc100.pdb" /Gd /TC /analyze- /errorReport:prompt ..\..\..\src\urg_connection.c ..\..\..\src\urg_debug.c ..\..\..\src\urg_ring_buffer.c ..\..\..\src\urg_sensor.c ..\..\..\src\urg_serial.c ..\..\..\src\urg_serial_utils.c ..\..\..\src\urg_tcpclient.c ..\..\..\src\urg_utils.c /wd4996 
         urg_connection.c
         urg_debug.c
         urg_ring_buffer.c
         urg_sensor.c
         urg_serial.c
         urg_serial_utils.c
         urg_tcpclient.c
         urg_utils.c
       Lib:
         C:\Program Files (x86)\Microsoft Visual Studio 10.0\VC\bin\Lib.exe /OUT:"C:\Users\RISE.RISE-PC\Documents\Visual Studio 2010\Projects\Urg_Helper\urg_library-1.1.2\vs2010\cpp\Release\urg.lib" /NOLOGO /LTCG Release\urg_connection.obj
         Release\urg_debug.obj
         Release\urg_ring_buffer.obj
         Release\urg_sensor.obj
         Release\urg_serial.obj
         Release\urg_serial_utils.obj
         Release\urg_tcpclient.obj
         Release\urg_utils.obj
         urg.vcxproj -> C:\Users\RISE.RISE-PC\Documents\Visual Studio 2010\Projects\Urg_Helper\urg_library-1.1.2\vs2010\cpp\Release\urg.lib
       FinalizeBuildStatus:
         Deleting file "Release\urg.unsuccessfulbuild".
         Touching "Release\urg.lastbuildstate".
     1>Done Building Project "C:\Users\RISE.RISE-PC\Documents\Visual Studio 2010\Projects\Urg_Helper\urg_library-1.1.2\vs2010\c\urg\urg.vcxproj" (rebuild target(s)).

Build succeeded.

Time Elapsed 00:00:06.77
