C:\USERS\RISE.RISE-PC\DOCUMENTS\PROJECTRISE\URG_LIBRARY-1.1.2\URG_LIBRARY-1.1.2\VS2010\CPP\RELEASE\SYNC_TIME_STAMP.EXE
C:\USERS\RISE.RISE-PC\DOCUMENTS\PROJECTRISE\URG_LIBRARY-1.1.2\URG_LIBRARY-1.1.2\VS2010\CPP\RELEASE\SYNC_TIME_STAMP.PDB
C:\USERS\RISE.RISE-PC\DOCUMENTS\PROJECTRISE\URG_LIBRARY-1.1.2\URG_LIBRARY-1.1.2\VS2010\CPP\SYNC_TIME_STAMP\RELEASE\CONNECTION_INFORMATION.OBJ
C:\USERS\RISE.RISE-PC\DOCUMENTS\PROJECTRISE\URG_LIBRARY-1.1.2\URG_LIBRARY-1.1.2\VS2010\CPP\SYNC_TIME_STAMP\RELEASE\SYNC_TIME_STAMP.EXE.INTERMEDIATE.MANIFEST
C:\USERS\RISE.RISE-PC\DOCUMENTS\PROJECTRISE\URG_LIBRARY-1.1.2\URG_LIBRARY-1.1.2\VS2010\CPP\SYNC_TIME_STAMP\RELEASE\SYNC_TIME_STAMP.OBJ
C:\USERS\RISE.RISE-PC\DOCUMENTS\PROJECTRISE\URG_LIBRARY-1.1.2\URG_LIBRARY-1.1.2\VS2010\CPP\SYNC_TIME_STAMP\RELEASE\VC100.PDB
C:\Users\RISE.RISE-PC\Documents\Visual Studio 2010\Projects\Urg_Helper\urg_library-1.1.2\vs2010\cpp\Release\sync_time_stamp.exe
C:\Users\RISE.RISE-PC\Documents\Visual Studio 2010\Projects\Urg_Helper\urg_library-1.1.2\vs2010\cpp\Release\sync_time_stamp.pdb
C:\Users\RISE.RISE-PC\Documents\Visual Studio 2010\Projects\Urg_Helper\urg_library-1.1.2\vs2010\cpp\sync_time_stamp\Release\cl.command.1.tlog
C:\Users\RISE.RISE-PC\Documents\Visual Studio 2010\Projects\Urg_Helper\urg_library-1.1.2\vs2010\cpp\sync_time_stamp\Release\CL.read.1.tlog
C:\Users\RISE.RISE-PC\Documents\Visual Studio 2010\Projects\Urg_Helper\urg_library-1.1.2\vs2010\cpp\sync_time_stamp\Release\CL.write.1.tlog
C:\Users\RISE.RISE-PC\Documents\Visual Studio 2010\Projects\Urg_Helper\urg_library-1.1.2\vs2010\cpp\sync_time_stamp\Release\Connection_information.obj
C:\Users\RISE.RISE-PC\Documents\Visual Studio 2010\Projects\Urg_Helper\urg_library-1.1.2\vs2010\cpp\sync_time_stamp\Release\link.command.1.tlog
C:\Users\RISE.RISE-PC\Documents\Visual Studio 2010\Projects\Urg_Helper\urg_library-1.1.2\vs2010\cpp\sync_time_stamp\Release\link.read.1.tlog
C:\Users\RISE.RISE-PC\Documents\Visual Studio 2010\Projects\Urg_Helper\urg_library-1.1.2\vs2010\cpp\sync_time_stamp\Release\link.write.1.tlog
C:\Users\RISE.RISE-PC\Documents\Visual Studio 2010\Projects\Urg_Helper\urg_library-1.1.2\vs2010\cpp\sync_time_stamp\Release\mt.command.1.tlog
C:\Users\RISE.RISE-PC\Documents\Visual Studio 2010\Projects\Urg_Helper\urg_library-1.1.2\vs2010\cpp\sync_time_stamp\Release\mt.read.1.tlog
C:\Users\RISE.RISE-PC\Documents\Visual Studio 2010\Projects\Urg_Helper\urg_library-1.1.2\vs2010\cpp\sync_time_stamp\Release\mt.write.1.tlog
C:\Users\RISE.RISE-PC\Documents\Visual Studio 2010\Projects\Urg_Helper\urg_library-1.1.2\vs2010\cpp\sync_time_stamp\Release\sync_time_stamp.exe.intermediate.manifest
C:\Users\RISE.RISE-PC\Documents\Visual Studio 2010\Projects\Urg_Helper\urg_library-1.1.2\vs2010\cpp\sync_time_stamp\Release\sync_time_stamp.obj
C:\Users\RISE.RISE-PC\Documents\Visual Studio 2010\Projects\Urg_Helper\urg_library-1.1.2\vs2010\cpp\sync_time_stamp\Release\vc100.pdb
