C:\USERS\RISE.RISE-PC\DOCUMENTS\PROJECTRISE\URG_LIBRARY-1.1.2\URG_LIBRARY-1.1.2\VS2010\CPP\GET_DISTANCE_INTENSITY\RELEASE\CONNECTION_INFORMATION.OBJ
C:\USERS\RISE.RISE-PC\DOCUMENTS\PROJECTRISE\URG_LIBRARY-1.1.2\URG_LIBRARY-1.1.2\VS2010\CPP\GET_DISTANCE_INTENSITY\RELEASE\GET_DISTANCE_INTENSITY.EXE.INTERMEDIATE.MANIFEST
C:\USERS\RISE.RISE-PC\DOCUMENTS\PROJECTRISE\URG_LIBRARY-1.1.2\URG_LIBRARY-1.1.2\VS2010\CPP\GET_DISTANCE_INTENSITY\RELEASE\GET_DISTANCE_INTENSITY.OBJ
C:\USERS\RISE.RISE-PC\DOCUMENTS\PROJECTRISE\URG_LIBRARY-1.1.2\URG_LIBRARY-1.1.2\VS2010\CPP\GET_DISTANCE_INTENSITY\RELEASE\VC100.PDB
C:\USERS\RISE.RISE-PC\DOCUMENTS\PROJECTRISE\URG_LIBRARY-1.1.2\URG_LIBRARY-1.1.2\VS2010\CPP\RELEASE\GET_DISTANCE_INTENSITY.EXE
C:\USERS\RISE.RISE-PC\DOCUMENTS\PROJECTRISE\URG_LIBRARY-1.1.2\URG_LIBRARY-1.1.2\VS2010\CPP\RELEASE\GET_DISTANCE_INTENSITY.PDB
C:\Users\RISE.RISE-PC\Documents\Visual Studio 2010\Projects\Urg_Helper\urg_library-1.1.2\vs2010\cpp\get_distance_intensity\Release\cl.command.1.tlog
C:\Users\RISE.RISE-PC\Documents\Visual Studio 2010\Projects\Urg_Helper\urg_library-1.1.2\vs2010\cpp\get_distance_intensity\Release\CL.read.1.tlog
C:\Users\RISE.RISE-PC\Documents\Visual Studio 2010\Projects\Urg_Helper\urg_library-1.1.2\vs2010\cpp\get_distance_intensity\Release\CL.write.1.tlog
C:\Users\RISE.RISE-PC\Documents\Visual Studio 2010\Projects\Urg_Helper\urg_library-1.1.2\vs2010\cpp\get_distance_intensity\Release\Connection_information.obj
C:\Users\RISE.RISE-PC\Documents\Visual Studio 2010\Projects\Urg_Helper\urg_library-1.1.2\vs2010\cpp\get_distance_intensity\Release\get_distance_intensity.exe.intermediate.manifest
C:\Users\RISE.RISE-PC\Documents\Visual Studio 2010\Projects\Urg_Helper\urg_library-1.1.2\vs2010\cpp\get_distance_intensity\Release\get_distance_intensity.obj
C:\Users\RISE.RISE-PC\Documents\Visual Studio 2010\Projects\Urg_Helper\urg_library-1.1.2\vs2010\cpp\get_distance_intensity\Release\link.command.1.tlog
C:\Users\RISE.RISE-PC\Documents\Visual Studio 2010\Projects\Urg_Helper\urg_library-1.1.2\vs2010\cpp\get_distance_intensity\Release\link.read.1.tlog
C:\Users\RISE.RISE-PC\Documents\Visual Studio 2010\Projects\Urg_Helper\urg_library-1.1.2\vs2010\cpp\get_distance_intensity\Release\link.write.1.tlog
C:\Users\RISE.RISE-PC\Documents\Visual Studio 2010\Projects\Urg_Helper\urg_library-1.1.2\vs2010\cpp\get_distance_intensity\Release\mt.command.1.tlog
C:\Users\RISE.RISE-PC\Documents\Visual Studio 2010\Projects\Urg_Helper\urg_library-1.1.2\vs2010\cpp\get_distance_intensity\Release\mt.read.1.tlog
C:\Users\RISE.RISE-PC\Documents\Visual Studio 2010\Projects\Urg_Helper\urg_library-1.1.2\vs2010\cpp\get_distance_intensity\Release\mt.write.1.tlog
C:\Users\RISE.RISE-PC\Documents\Visual Studio 2010\Projects\Urg_Helper\urg_library-1.1.2\vs2010\cpp\get_distance_intensity\Release\vc100.pdb
C:\Users\RISE.RISE-PC\Documents\Visual Studio 2010\Projects\Urg_Helper\urg_library-1.1.2\vs2010\cpp\Release\get_distance_intensity.exe
C:\Users\RISE.RISE-PC\Documents\Visual Studio 2010\Projects\Urg_Helper\urg_library-1.1.2\vs2010\cpp\Release\get_distance_intensity.pdb
