C:\USERS\RISE.RISE-PC\DOCUMENTS\PROJECTRISE\URG_LIBRARY-1.1.2\URG_LIBRARY-1.1.2\VS2010\CPP\RELEASE\SENSOR_PARAMETER.EXE
C:\USERS\RISE.RISE-PC\DOCUMENTS\PROJECTRISE\URG_LIBRARY-1.1.2\URG_LIBRARY-1.1.2\VS2010\CPP\RELEASE\SENSOR_PARAMETER.PDB
C:\USERS\RISE.RISE-PC\DOCUMENTS\PROJECTRISE\URG_LIBRARY-1.1.2\URG_LIBRARY-1.1.2\VS2010\CPP\SENSOR_PARAMETER\RELEASE\CONNECTION_INFORMATION.OBJ
C:\USERS\RISE.RISE-PC\DOCUMENTS\PROJECTRISE\URG_LIBRARY-1.1.2\URG_LIBRARY-1.1.2\VS2010\CPP\SENSOR_PARAMETER\RELEASE\SENSOR_PARAMETER.EXE.INTERMEDIATE.MANIFEST
C:\USERS\RISE.RISE-PC\DOCUMENTS\PROJECTRISE\URG_LIBRARY-1.1.2\URG_LIBRARY-1.1.2\VS2010\CPP\SENSOR_PARAMETER\RELEASE\SENSOR_PARAMETER.OBJ
C:\USERS\RISE.RISE-PC\DOCUMENTS\PROJECTRISE\URG_LIBRARY-1.1.2\URG_LIBRARY-1.1.2\VS2010\CPP\SENSOR_PARAMETER\RELEASE\VC100.PDB
C:\Users\RISE.RISE-PC\Documents\Visual Studio 2010\Projects\Urg_Helper\urg_library-1.1.2\vs2010\cpp\Release\sensor_parameter.exe
C:\Users\RISE.RISE-PC\Documents\Visual Studio 2010\Projects\Urg_Helper\urg_library-1.1.2\vs2010\cpp\Release\sensor_parameter.pdb
C:\Users\RISE.RISE-PC\Documents\Visual Studio 2010\Projects\Urg_Helper\urg_library-1.1.2\vs2010\cpp\sensor_parameter\Release\cl.command.1.tlog
C:\Users\RISE.RISE-PC\Documents\Visual Studio 2010\Projects\Urg_Helper\urg_library-1.1.2\vs2010\cpp\sensor_parameter\Release\CL.read.1.tlog
C:\Users\RISE.RISE-PC\Documents\Visual Studio 2010\Projects\Urg_Helper\urg_library-1.1.2\vs2010\cpp\sensor_parameter\Release\CL.write.1.tlog
C:\Users\RISE.RISE-PC\Documents\Visual Studio 2010\Projects\Urg_Helper\urg_library-1.1.2\vs2010\cpp\sensor_parameter\Release\Connection_information.obj
C:\Users\RISE.RISE-PC\Documents\Visual Studio 2010\Projects\Urg_Helper\urg_library-1.1.2\vs2010\cpp\sensor_parameter\Release\link.command.1.tlog
C:\Users\RISE.RISE-PC\Documents\Visual Studio 2010\Projects\Urg_Helper\urg_library-1.1.2\vs2010\cpp\sensor_parameter\Release\link.read.1.tlog
C:\Users\RISE.RISE-PC\Documents\Visual Studio 2010\Projects\Urg_Helper\urg_library-1.1.2\vs2010\cpp\sensor_parameter\Release\link.write.1.tlog
C:\Users\RISE.RISE-PC\Documents\Visual Studio 2010\Projects\Urg_Helper\urg_library-1.1.2\vs2010\cpp\sensor_parameter\Release\mt.command.1.tlog
C:\Users\RISE.RISE-PC\Documents\Visual Studio 2010\Projects\Urg_Helper\urg_library-1.1.2\vs2010\cpp\sensor_parameter\Release\mt.read.1.tlog
C:\Users\RISE.RISE-PC\Documents\Visual Studio 2010\Projects\Urg_Helper\urg_library-1.1.2\vs2010\cpp\sensor_parameter\Release\mt.write.1.tlog
C:\Users\RISE.RISE-PC\Documents\Visual Studio 2010\Projects\Urg_Helper\urg_library-1.1.2\vs2010\cpp\sensor_parameter\Release\sensor_parameter.exe.intermediate.manifest
C:\Users\RISE.RISE-PC\Documents\Visual Studio 2010\Projects\Urg_Helper\urg_library-1.1.2\vs2010\cpp\sensor_parameter\Release\sensor_parameter.obj
C:\Users\RISE.RISE-PC\Documents\Visual Studio 2010\Projects\Urg_Helper\urg_library-1.1.2\vs2010\cpp\sensor_parameter\Release\vc100.pdb
