C:\USERS\RISE.RISE-PC\DOCUMENTS\PROJECTRISE\URG_LIBRARY-1.1.2\URG_LIBRARY-1.1.2\VS2010\CPP\DEBUG\SENSOR_PARAMETER.EXE
C:\USERS\RISE.RISE-PC\DOCUMENTS\PROJECTRISE\URG_LIBRARY-1.1.2\URG_LIBRARY-1.1.2\VS2010\CPP\DEBUG\SENSOR_PARAMETER.ILK
C:\USERS\RISE.RISE-PC\DOCUMENTS\PROJECTRISE\URG_LIBRARY-1.1.2\URG_LIBRARY-1.1.2\VS2010\CPP\DEBUG\SENSOR_PARAMETER.PDB
C:\Users\RISE.RISE-PC\Documents\ProjectRise\urg_library-1.1.2\urg_library-1.1.2\vs2010\cpp\sensor_parameter\Debug\cl.command.1.tlog
C:\Users\RISE.RISE-PC\Documents\ProjectRise\urg_library-1.1.2\urg_library-1.1.2\vs2010\cpp\sensor_parameter\Debug\CL.read.1.tlog
C:\Users\RISE.RISE-PC\Documents\ProjectRise\urg_library-1.1.2\urg_library-1.1.2\vs2010\cpp\sensor_parameter\Debug\CL.write.1.tlog
C:\USERS\RISE.RISE-PC\DOCUMENTS\PROJECTRISE\URG_LIBRARY-1.1.2\URG_LIBRARY-1.1.2\VS2010\CPP\SENSOR_PARAMETER\DEBUG\CONNECTION_INFORMATION.OBJ
C:\Users\RISE.RISE-PC\Documents\ProjectRise\urg_library-1.1.2\urg_library-1.1.2\vs2010\cpp\sensor_parameter\Debug\link.2460.read.1.tlog
C:\Users\RISE.RISE-PC\Documents\ProjectRise\urg_library-1.1.2\urg_library-1.1.2\vs2010\cpp\sensor_parameter\Debug\link.2460.write.1.tlog
C:\Users\RISE.RISE-PC\Documents\ProjectRise\urg_library-1.1.2\urg_library-1.1.2\vs2010\cpp\sensor_parameter\Debug\link.2460-cvtres.read.1.tlog
C:\Users\RISE.RISE-PC\Documents\ProjectRise\urg_library-1.1.2\urg_library-1.1.2\vs2010\cpp\sensor_parameter\Debug\link.2460-cvtres.write.1.tlog
C:\Users\RISE.RISE-PC\Documents\ProjectRise\urg_library-1.1.2\urg_library-1.1.2\vs2010\cpp\sensor_parameter\Debug\link.command.1.tlog
C:\Users\RISE.RISE-PC\Documents\ProjectRise\urg_library-1.1.2\urg_library-1.1.2\vs2010\cpp\sensor_parameter\Debug\link.read.1.tlog
C:\Users\RISE.RISE-PC\Documents\ProjectRise\urg_library-1.1.2\urg_library-1.1.2\vs2010\cpp\sensor_parameter\Debug\link.write.1.tlog
C:\Users\RISE.RISE-PC\Documents\ProjectRise\urg_library-1.1.2\urg_library-1.1.2\vs2010\cpp\sensor_parameter\Debug\link-cvtres.read.1.tlog
C:\Users\RISE.RISE-PC\Documents\ProjectRise\urg_library-1.1.2\urg_library-1.1.2\vs2010\cpp\sensor_parameter\Debug\link-cvtres.write.1.tlog
C:\Users\RISE.RISE-PC\Documents\ProjectRise\urg_library-1.1.2\urg_library-1.1.2\vs2010\cpp\sensor_parameter\Debug\mt.command.1.tlog
C:\Users\RISE.RISE-PC\Documents\ProjectRise\urg_library-1.1.2\urg_library-1.1.2\vs2010\cpp\sensor_parameter\Debug\mt.read.1.tlog
C:\Users\RISE.RISE-PC\Documents\ProjectRise\urg_library-1.1.2\urg_library-1.1.2\vs2010\cpp\sensor_parameter\Debug\mt.write.1.tlog
C:\Users\RISE.RISE-PC\Documents\ProjectRise\urg_library-1.1.2\urg_library-1.1.2\vs2010\cpp\sensor_parameter\Debug\rc.command.1.tlog
C:\Users\RISE.RISE-PC\Documents\ProjectRise\urg_library-1.1.2\urg_library-1.1.2\vs2010\cpp\sensor_parameter\Debug\rc.read.1.tlog
C:\Users\RISE.RISE-PC\Documents\ProjectRise\urg_library-1.1.2\urg_library-1.1.2\vs2010\cpp\sensor_parameter\Debug\rc.write.1.tlog
C:\USERS\RISE.RISE-PC\DOCUMENTS\PROJECTRISE\URG_LIBRARY-1.1.2\URG_LIBRARY-1.1.2\VS2010\CPP\SENSOR_PARAMETER\DEBUG\SENSOR_PARAMETER.EXE.EMBED.MANIFEST
C:\USERS\RISE.RISE-PC\DOCUMENTS\PROJECTRISE\URG_LIBRARY-1.1.2\URG_LIBRARY-1.1.2\VS2010\CPP\SENSOR_PARAMETER\DEBUG\SENSOR_PARAMETER.EXE.EMBED.MANIFEST.RES
C:\USERS\RISE.RISE-PC\DOCUMENTS\PROJECTRISE\URG_LIBRARY-1.1.2\URG_LIBRARY-1.1.2\VS2010\CPP\SENSOR_PARAMETER\DEBUG\SENSOR_PARAMETER.EXE.INTERMEDIATE.MANIFEST
C:\USERS\RISE.RISE-PC\DOCUMENTS\PROJECTRISE\URG_LIBRARY-1.1.2\URG_LIBRARY-1.1.2\VS2010\CPP\SENSOR_PARAMETER\DEBUG\SENSOR_PARAMETER.OBJ
C:\Users\RISE.RISE-PC\Documents\ProjectRise\urg_library-1.1.2\urg_library-1.1.2\vs2010\cpp\sensor_parameter\Debug\sensor_parameter_manifest.rc
C:\Users\RISE.RISE-PC\Documents\ProjectRise\urg_library-1.1.2\urg_library-1.1.2\vs2010\cpp\sensor_parameter\Debug\vc100.idb
C:\USERS\RISE.RISE-PC\DOCUMENTS\PROJECTRISE\URG_LIBRARY-1.1.2\URG_LIBRARY-1.1.2\VS2010\CPP\SENSOR_PARAMETER\DEBUG\VC100.PDB
