Build started 12/17/2013 4:50:15 PM.
     1>Project "C:\Users\RISE.RISE-PC\Documents\ProjectRise\urg_library-1.1.2\urg_library-1.1.2\vs2010\cpp\sensor_parameter\sensor_parameter.vcxproj" on node 3 (rebuild target(s)).
     1>_PrepareForClean:
         Deleting file "Debug\sensor_parameter.lastbuildstate".
       InitializeBuildStatus:
         Creating "Debug\sensor_parameter.unsuccessfulbuild" because "AlwaysCreate" was specified.
       ClCompile:
         c:\Program Files (x86)\Microsoft Visual Studio 10.0\VC\bin\CL.exe /c /I..\..\..\include\cpp /ZI /nologo /W3 /WX- /Od /Oy- /D WIN32 /D _DEBUG /D _CONSOLE /D _UNICODE /D UNICODE /Gm /EHsc /RTC1 /MDd /GS /fp:precise /Zc:wchar_t /Zc:forScope /Fo"Debug\\" /Fd"Debug\vc100.pdb" /Gd /TP /analyze- /errorReport:prompt ..\..\..\samples\cpp\Connection_information.cpp ..\..\..\samples\cpp\sensor_parameter.cpp
         sensor_parameter.cpp
         Connection_information.cpp
         Generating Code...
       ManifestResourceCompile:
         c:\Program Files (x86)\Microsoft SDKs\Windows\v7.0A\bin\rc.exe /nologo /fo"Debug\sensor_parameter.exe.embed.manifest.res" Debug\sensor_parameter_manifest.rc 
       Link:
         c:\Program Files (x86)\Microsoft Visual Studio 10.0\VC\bin\link.exe /ERRORREPORT:PROMPT /OUT:"C:\Users\RISE.RISE-PC\Documents\ProjectRise\urg_library-1.1.2\urg_library-1.1.2\vs2010\cpp\Debug\sensor_parameter.exe" /INCREMENTAL /NOLOGO /LIBPATH:../Debug urg_cpp.lib ws2_32.lib setupapi.lib kernel32.lib user32.lib gdi32.lib winspool.lib comdlg32.lib advapi32.lib shell32.lib ole32.lib oleaut32.lib uuid.lib odbc32.lib odbccp32.lib /MANIFEST /ManifestFile:"Debug\sensor_parameter.exe.intermediate.manifest" /MANIFESTUAC:"level='asInvoker' uiAccess='false'" /DEBUG /PDB:"C:\Users\RISE.RISE-PC\Documents\ProjectRise\urg_library-1.1.2\urg_library-1.1.2\vs2010\cpp\Debug\sensor_parameter.pdb" /SUBSYSTEM:CONSOLE /TLBID:1 /DYNAMICBASE /NXCOMPAT /IMPLIB:"C:\Users\RISE.RISE-PC\Documents\ProjectRise\urg_library-1.1.2\urg_library-1.1.2\vs2010\cpp\Debug\sensor_parameter.lib" /MACHINE:X86 Debug\sensor_parameter.exe.embed.manifest.res
         Debug\Connection_information.obj
         Debug\sensor_parameter.obj
       Manifest:
         Deleting file "Debug\sensor_parameter.exe.embed.manifest".
         c:\Program Files (x86)\Microsoft SDKs\Windows\v7.0A\bin\mt.exe /nologo /verbose /out:"Debug\sensor_parameter.exe.embed.manifest" /manifest Debug\sensor_parameter.exe.intermediate.manifest
         c:\Program Files (x86)\Microsoft SDKs\Windows\v7.0A\bin\rc.exe /nologo /fo"Debug\sensor_parameter.exe.embed.manifest.res" Debug\sensor_parameter_manifest.rc 
       LinkEmbedManifest:
         c:\Program Files (x86)\Microsoft Visual Studio 10.0\VC\bin\link.exe /ERRORREPORT:PROMPT /OUT:"C:\Users\RISE.RISE-PC\Documents\ProjectRise\urg_library-1.1.2\urg_library-1.1.2\vs2010\cpp\Debug\sensor_parameter.exe" /INCREMENTAL /NOLOGO /LIBPATH:../Debug urg_cpp.lib ws2_32.lib setupapi.lib kernel32.lib user32.lib gdi32.lib winspool.lib comdlg32.lib advapi32.lib shell32.lib ole32.lib oleaut32.lib uuid.lib odbc32.lib odbccp32.lib /MANIFEST /ManifestFile:"Debug\sensor_parameter.exe.intermediate.manifest" /MANIFESTUAC:"level='asInvoker' uiAccess='false'" /DEBUG /PDB:"C:\Users\RISE.RISE-PC\Documents\ProjectRise\urg_library-1.1.2\urg_library-1.1.2\vs2010\cpp\Debug\sensor_parameter.pdb" /SUBSYSTEM:CONSOLE /TLBID:1 /DYNAMICBASE /NXCOMPAT /IMPLIB:"C:\Users\RISE.RISE-PC\Documents\ProjectRise\urg_library-1.1.2\urg_library-1.1.2\vs2010\cpp\Debug\sensor_parameter.lib" /MACHINE:X86 Debug\sensor_parameter.exe.embed.manifest.res
         Debug\Connection_information.obj
         Debug\sensor_parameter.obj
         sensor_parameter.vcxproj -> C:\Users\RISE.RISE-PC\Documents\ProjectRise\urg_library-1.1.2\urg_library-1.1.2\vs2010\cpp\Debug\sensor_parameter.exe
       FinalizeBuildStatus:
         Deleting file "Debug\sensor_parameter.unsuccessfulbuild".
         Touching "Debug\sensor_parameter.lastbuildstate".
     1>Done Building Project "C:\Users\RISE.RISE-PC\Documents\ProjectRise\urg_library-1.1.2\urg_library-1.1.2\vs2010\cpp\sensor_parameter\sensor_parameter.vcxproj" (rebuild target(s)).

Build succeeded.

Time Elapsed 00:00:10.06
